[2022-07-29 08:41:03] production.ERROR: During class fetch: Uncaught ErrorException: include(): read of 4446 bytes failed with errno=12 Cannot allocate memory in /home/rewardingsurveys/main_thepanelstation_admin/vendor/composer/ClassLoader.php:571
Stack trace:
#0 /home/rewardingsurveys/main_thepanelstation_admin/vendor/composer/ClassLoader.php(571): Illuminate\Foundation\Bootstrap\HandleExceptions->handleError(8, 'include(): read...', '/home/rewarding...', 571, Array)
#1 /home/rewardingsurveys/main_thepanelstation_admin/vendor/composer/ClassLoader.php(571): include()
#2 /home/rewardingsurveys/main_thepanelstation_admin/vendor/composer/ClassLoader.php(428): Composer\Autoload\includeFile('/home/rewarding...')
#3 [internal function]: Composer\Autoload\ClassLoader->loadClass('Illuminate\\View...')
#4 /home/rewardingsurveys/main_thepanelstation_admin/vendor/laravel/framework/src/Illuminate/View/Compilers/BladeCompiler.php(8): spl_autoload_call('Illuminate\\View...')
#5 /home/rewardingsurveys/main_thepanelstation_admin/vendor/composer/ClassLoader.php(571 {"exception":"[object] (Symfony\\Component\\Debug\\Exception\\FatalErrorException(code: 1): During class fetch: Uncaught ErrorException: include(): read of 4446 bytes failed with errno=12 Cannot allocate memory in /home/rewardingsurveys/main_thepanelstation_admin/vendor/composer/ClassLoader.php:571
Stack trace:
#0 /home/rewardingsurveys/main_thepanelstation_admin/vendor/composer/ClassLoader.php(571): Illuminate\\Foundation\\Bootstrap\\HandleExceptions->handleError(8, 'include(): read...', '/home/rewarding...', 571, Array)
#1 /home/rewardingsurveys/main_thepanelstation_admin/vendor/composer/ClassLoader.php(571): include()
#2 /home/rewardingsurveys/main_thepanelstation_admin/vendor/composer/ClassLoader.php(428): Composer\\Autoload\\includeFile('/home/rewarding...')
#3 [internal function]: Composer\\Autoload\\ClassLoader->loadClass('Illuminate\\\\View...')
#4 /home/rewardingsurveys/main_thepanelstation_admin/vendor/laravel/framework/src/Illuminate/View/Compilers/BladeCompiler.php(8): spl_autoload_call('Illuminate\\\\View...')
#5 /home/rewardingsurveys/main_thepanelstation_admin/vendor/composer/ClassLoader.php(571 at /home/rewardingsurveys/main_thepanelstation_admin/vendor/laravel/framework/src/Illuminate/View/Compilers/BladeCompiler.php:8)
[stacktrace]
#0 {main}
"} 
[2022-07-29 08:46:18] production.ERROR: During class fetch: Uncaught ErrorException: include(): read of 2627 bytes failed with errno=12 Cannot allocate memory in /home/rewardingsurveys/main_thepanelstation_admin/vendor/composer/ClassLoader.php:571
Stack trace:
#0 /home/rewardingsurveys/main_thepanelstation_admin/vendor/composer/ClassLoader.php(571): Illuminate\Foundation\Bootstrap\HandleExceptions->handleError(8, 'include(): read...', '/home/rewarding...', 571, Array)
#1 /home/rewardingsurveys/main_thepanelstation_admin/vendor/composer/ClassLoader.php(571): include()
#2 /home/rewardingsurveys/main_thepanelstation_admin/vendor/composer/ClassLoader.php(428): Composer\Autoload\includeFile('/home/rewarding...')
#3 [internal function]: Composer\Autoload\ClassLoader->loadClass('Illuminate\\Data...')
#4 /home/rewardingsurveys/main_thepanelstation_admin/vendor/laravel/framework/src/Illuminate/Database/Eloquent/Model.php(21): spl_autoload_call('Illuminate\\Data...')
#5 /home/rewardingsurveys/main_thepanelstation_admin/vendor/composer/ClassLoader.php(571): i {"exception":"[object] (Symfony\\Component\\Debug\\Exception\\FatalErrorException(code: 1): During class fetch: Uncaught ErrorException: include(): read of 2627 bytes failed with errno=12 Cannot allocate memory in /home/rewardingsurveys/main_thepanelstation_admin/vendor/composer/ClassLoader.php:571
Stack trace:
#0 /home/rewardingsurveys/main_thepanelstation_admin/vendor/composer/ClassLoader.php(571): Illuminate\\Foundation\\Bootstrap\\HandleExceptions->handleError(8, 'include(): read...', '/home/rewarding...', 571, Array)
#1 /home/rewardingsurveys/main_thepanelstation_admin/vendor/composer/ClassLoader.php(571): include()
#2 /home/rewardingsurveys/main_thepanelstation_admin/vendor/composer/ClassLoader.php(428): Composer\\Autoload\\includeFile('/home/rewarding...')
#3 [internal function]: Composer\\Autoload\\ClassLoader->loadClass('Illuminate\\\\Data...')
#4 /home/rewardingsurveys/main_thepanelstation_admin/vendor/laravel/framework/src/Illuminate/Database/Eloquent/Model.php(21): spl_autoload_call('Illuminate\\\\Data...')
#5 /home/rewardingsurveys/main_thepanelstation_admin/vendor/composer/ClassLoader.php(571): i at /home/rewardingsurveys/main_thepanelstation_admin/vendor/laravel/framework/src/Illuminate/Database/Eloquent/Model.php:21)
[stacktrace]
#0 {main}
"} 
